<?xml version="1.0" encoding="UTF-8"?>
<testng-results skipped="0" failed="0" ignored="0" total="1" passed="1">
  <reporter-output>
  </reporter-output>
  <suite name="Default suite" duration-ms="13158" started-at="2018-03-02T11:40:25Z" finished-at="2018-03-02T11:40:38Z">
    <groups>
    </groups>
    <test name="Default test" duration-ms="13158" started-at="2018-03-02T11:40:25Z" finished-at="2018-03-02T11:40:38Z">
      <class name="ruf.ruf1.ruf">
        <test-method status="PASS" signature="ruf()[pri:0, instance:ruf.ruf1.ruf@224edc67]" name="ruf" duration-ms="13097" started-at="2018-03-02T11:40:25Z" finished-at="2018-03-02T11:40:38Z">
          <reporter-output>
          </reporter-output>
        </test-method> <!-- ruf -->
      </class> <!-- ruf.ruf1.ruf -->
    </test> <!-- Default test -->
  </suite> <!-- Default suite -->
</testng-results>
